{"C:\\SoftwareEngineer\\Programming\\JavaScript\\react-course\\movie_project\\src\\App.jsx": {"path":"C:\\SoftwareEngineer\\Programming\\JavaScript\\react-course\\movie_project\\src\\App.jsx","all":false,"statementMap":{"0":{"start":{"line":1,"column":0},"end":{"line":1,"column":25}},"1":{"start":{"line":2,"column":0},"end":{"line":2,"column":40}},"2":{"start":{"line":3,"column":0},"end":{"line":3,"column":42}},"3":{"start":{"line":4,"column":0},"end":{"line":4,"column":46}},"4":{"start":{"line":5,"column":0},"end":{"line":5,"column":46}},"5":{"start":{"line":6,"column":0},"end":{"line":6,"column":37}},"6":{"start":{"line":7,"column":0},"end":{"line":7,"column":51}},"7":{"start":{"line":8,"column":0},"end":{"line":8,"column":66}},"8":{"start":{"line":9,"column":0},"end":{"line":9,"column":39}},"10":{"start":{"line":11,"column":0},"end":{"line":11,"column":52}},"12":{"start":{"line":13,"column":0},"end":{"line":13,"column":50}},"14":{"start":{"line":15,"column":0},"end":{"line":15,"column":21}},"15":{"start":{"line":16,"column":0},"end":{"line":16,"column":18}},"16":{"start":{"line":17,"column":0},"end":{"line":17,"column":14}},"17":{"start":{"line":18,"column":0},"end":{"line":18,"column":35}},"18":{"start":{"line":19,"column":0},"end":{"line":19,"column":43}},"19":{"start":{"line":20,"column":0},"end":{"line":20,"column":6}},"20":{"start":{"line":21,"column":0},"end":{"line":21,"column":2}},"22":{"start":{"line":23,"column":0},"end":{"line":23,"column":19}},"23":{"start":{"line":24,"column":0},"end":{"line":24,"column":92}},"24":{"start":{"line":25,"column":0},"end":{"line":25,"column":58}},"25":{"start":{"line":26,"column":0},"end":{"line":26,"column":53}},"26":{"start":{"line":27,"column":0},"end":{"line":27,"column":57}},"27":{"start":{"line":28,"column":0},"end":{"line":28,"column":51}},"28":{"start":{"line":29,"column":0},"end":{"line":29,"column":60}},"29":{"start":{"line":30,"column":0},"end":{"line":30,"column":50}},"30":{"start":{"line":31,"column":0},"end":{"line":31,"column":71}},"31":{"start":{"line":32,"column":0},"end":{"line":32,"column":40}},"32":{"start":{"line":33,"column":0},"end":{"line":33,"column":37}},"33":{"start":{"line":34,"column":0},"end":{"line":34,"column":37}},"40":{"start":{"line":41,"column":0},"end":{"line":41,"column":21}},"41":{"start":{"line":42,"column":0},"end":{"line":42,"column":62}},"44":{"start":{"line":45,"column":0},"end":{"line":45,"column":57}},"45":{"start":{"line":46,"column":0},"end":{"line":46,"column":25}},"46":{"start":{"line":47,"column":0},"end":{"line":47,"column":28}},"47":{"start":{"line":48,"column":0},"end":{"line":48,"column":13}},"48":{"start":{"line":49,"column":0},"end":{"line":49,"column":32}},"49":{"start":{"line":50,"column":0},"end":{"line":50,"column":92}},"50":{"start":{"line":51,"column":0},"end":{"line":51,"column":84}},"53":{"start":{"line":54,"column":0},"end":{"line":54,"column":24}},"54":{"start":{"line":55,"column":0},"end":{"line":55,"column":44}},"55":{"start":{"line":56,"column":0},"end":{"line":56,"column":58}},"56":{"start":{"line":57,"column":0},"end":{"line":57,"column":41}},"57":{"start":{"line":58,"column":0},"end":{"line":58,"column":99}},"58":{"start":{"line":59,"column":0},"end":{"line":59,"column":21}},"59":{"start":{"line":60,"column":0},"end":{"line":60,"column":17}},"60":{"start":{"line":61,"column":0},"end":{"line":61,"column":96}},"61":{"start":{"line":62,"column":0},"end":{"line":62,"column":86}},"62":{"start":{"line":63,"column":0},"end":{"line":63,"column":79}},"63":{"start":{"line":64,"column":0},"end":{"line":64,"column":13}},"66":{"start":{"line":67,"column":0},"end":{"line":67,"column":64}},"69":{"start":{"line":70,"column":0},"end":{"line":70,"column":31}},"70":{"start":{"line":71,"column":0},"end":{"line":71,"column":74}},"71":{"start":{"line":72,"column":0},"end":{"line":72,"column":13}},"72":{"start":{"line":73,"column":0},"end":{"line":73,"column":47}},"75":{"start":{"line":76,"column":0},"end":{"line":76,"column":44}},"76":{"start":{"line":77,"column":0},"end":{"line":77,"column":90}},"77":{"start":{"line":78,"column":0},"end":{"line":78,"column":33}},"78":{"start":{"line":79,"column":0},"end":{"line":79,"column":23}},"79":{"start":{"line":80,"column":0},"end":{"line":80,"column":13}},"80":{"start":{"line":81,"column":0},"end":{"line":81,"column":32}},"81":{"start":{"line":82,"column":0},"end":{"line":82,"column":70}},"82":{"start":{"line":83,"column":0},"end":{"line":83,"column":14}},"88":{"start":{"line":89,"column":0},"end":{"line":89,"column":64}},"89":{"start":{"line":90,"column":0},"end":{"line":90,"column":64}},"90":{"start":{"line":91,"column":0},"end":{"line":91,"column":13}},"95":{"start":{"line":96,"column":0},"end":{"line":96,"column":25}},"96":{"start":{"line":97,"column":0},"end":{"line":97,"column":59}},"97":{"start":{"line":98,"column":0},"end":{"line":98,"column":79}},"98":{"start":{"line":99,"column":0},"end":{"line":99,"column":19}},"99":{"start":{"line":100,"column":0},"end":{"line":100,"column":30}},"100":{"start":{"line":101,"column":0},"end":{"line":101,"column":9}},"101":{"start":{"line":102,"column":0},"end":{"line":102,"column":6}},"103":{"start":{"line":104,"column":0},"end":{"line":104,"column":44}},"104":{"start":{"line":105,"column":0},"end":{"line":105,"column":13}},"105":{"start":{"line":106,"column":0},"end":{"line":106,"column":53}},"106":{"start":{"line":107,"column":0},"end":{"line":107,"column":38}},"108":{"start":{"line":109,"column":0},"end":{"line":109,"column":25}},"109":{"start":{"line":110,"column":0},"end":{"line":110,"column":68}},"110":{"start":{"line":111,"column":0},"end":{"line":111,"column":9}},"111":{"start":{"line":112,"column":0},"end":{"line":112,"column":5}},"113":{"start":{"line":114,"column":0},"end":{"line":114,"column":22}},"114":{"start":{"line":115,"column":0},"end":{"line":115,"column":19}},"115":{"start":{"line":116,"column":0},"end":{"line":116,"column":44}},"116":{"start":{"line":117,"column":0},"end":{"line":117,"column":30}},"118":{"start":{"line":119,"column":0},"end":{"line":119,"column":21}},"119":{"start":{"line":120,"column":0},"end":{"line":120,"column":29}},"120":{"start":{"line":121,"column":0},"end":{"line":121,"column":11}},"122":{"start":{"line":123,"column":0},"end":{"line":123,"column":12}},"123":{"start":{"line":124,"column":0},"end":{"line":124,"column":14}},"124":{"start":{"line":125,"column":0},"end":{"line":125,"column":32}},"126":{"start":{"line":127,"column":0},"end":{"line":127,"column":37}},"127":{"start":{"line":128,"column":0},"end":{"line":128,"column":24}},"128":{"start":{"line":129,"column":0},"end":{"line":129,"column":68}},"129":{"start":{"line":130,"column":0},"end":{"line":130,"column":107}},"131":{"start":{"line":132,"column":0},"end":{"line":132,"column":52}},"132":{"start":{"line":133,"column":0},"end":{"line":133,"column":88}},"134":{"start":{"line":135,"column":0},"end":{"line":135,"column":31}},"135":{"start":{"line":136,"column":0},"end":{"line":136,"column":73}},"136":{"start":{"line":137,"column":0},"end":{"line":137,"column":56}},"138":{"start":{"line":139,"column":0},"end":{"line":139,"column":60}},"139":{"start":{"line":140,"column":0},"end":{"line":140,"column":33}},"140":{"start":{"line":141,"column":0},"end":{"line":141,"column":26}},"142":{"start":{"line":143,"column":0},"end":{"line":143,"column":37}},"143":{"start":{"line":144,"column":0},"end":{"line":144,"column":33}},"144":{"start":{"line":145,"column":0},"end":{"line":145,"column":41}},"145":{"start":{"line":146,"column":0},"end":{"line":146,"column":47}},"146":{"start":{"line":147,"column":0},"end":{"line":147,"column":49}},"147":{"start":{"line":148,"column":0},"end":{"line":148,"column":65}},"148":{"start":{"line":149,"column":0},"end":{"line":149,"column":24}},"150":{"start":{"line":151,"column":0},"end":{"line":151,"column":25}},"152":{"start":{"line":153,"column":0},"end":{"line":153,"column":47}},"153":{"start":{"line":154,"column":0},"end":{"line":154,"column":50}},"154":{"start":{"line":155,"column":0},"end":{"line":155,"column":79}},"156":{"start":{"line":157,"column":0},"end":{"line":157,"column":65}},"157":{"start":{"line":158,"column":0},"end":{"line":158,"column":35}},"158":{"start":{"line":159,"column":0},"end":{"line":159,"column":61}},"159":{"start":{"line":160,"column":0},"end":{"line":160,"column":113}},"160":{"start":{"line":161,"column":0},"end":{"line":161,"column":34}},"161":{"start":{"line":162,"column":0},"end":{"line":162,"column":44}},"164":{"start":{"line":165,"column":0},"end":{"line":165,"column":46}},"165":{"start":{"line":166,"column":0},"end":{"line":166,"column":67}},"166":{"start":{"line":167,"column":0},"end":{"line":167,"column":66}},"167":{"start":{"line":168,"column":0},"end":{"line":168,"column":54}},"168":{"start":{"line":169,"column":0},"end":{"line":169,"column":74}},"169":{"start":{"line":170,"column":0},"end":{"line":170,"column":84}},"170":{"start":{"line":171,"column":0},"end":{"line":171,"column":43}},"171":{"start":{"line":172,"column":0},"end":{"line":172,"column":37}},"172":{"start":{"line":173,"column":0},"end":{"line":173,"column":31}},"173":{"start":{"line":174,"column":0},"end":{"line":174,"column":29}},"175":{"start":{"line":176,"column":0},"end":{"line":176,"column":31}},"176":{"start":{"line":177,"column":0},"end":{"line":177,"column":58}},"177":{"start":{"line":178,"column":0},"end":{"line":178,"column":108}},"178":{"start":{"line":179,"column":0},"end":{"line":179,"column":30}},"179":{"start":{"line":180,"column":0},"end":{"line":180,"column":33}},"180":{"start":{"line":181,"column":0},"end":{"line":181,"column":26}},"181":{"start":{"line":182,"column":0},"end":{"line":182,"column":30}},"184":{"start":{"line":185,"column":0},"end":{"line":185,"column":48}},"185":{"start":{"line":186,"column":0},"end":{"line":186,"column":43}},"187":{"start":{"line":188,"column":0},"end":{"line":188,"column":32}},"188":{"start":{"line":189,"column":0},"end":{"line":189,"column":35}},"189":{"start":{"line":190,"column":0},"end":{"line":190,"column":41}},"190":{"start":{"line":191,"column":0},"end":{"line":191,"column":70}},"191":{"start":{"line":192,"column":0},"end":{"line":192,"column":52}},"192":{"start":{"line":193,"column":0},"end":{"line":193,"column":113}},"194":{"start":{"line":195,"column":0},"end":{"line":195,"column":26}},"195":{"start":{"line":196,"column":0},"end":{"line":196,"column":28}},"196":{"start":{"line":197,"column":0},"end":{"line":197,"column":62}},"197":{"start":{"line":198,"column":0},"end":{"line":198,"column":95}},"198":{"start":{"line":199,"column":0},"end":{"line":199,"column":31}},"199":{"start":{"line":200,"column":0},"end":{"line":200,"column":29}},"201":{"start":{"line":202,"column":0},"end":{"line":202,"column":62}},"202":{"start":{"line":203,"column":0},"end":{"line":203,"column":85}},"203":{"start":{"line":204,"column":0},"end":{"line":204,"column":43}},"204":{"start":{"line":205,"column":0},"end":{"line":205,"column":61}},"205":{"start":{"line":206,"column":0},"end":{"line":206,"column":56}},"206":{"start":{"line":207,"column":0},"end":{"line":207,"column":70}},"207":{"start":{"line":208,"column":0},"end":{"line":208,"column":62}},"208":{"start":{"line":209,"column":0},"end":{"line":209,"column":99}},"209":{"start":{"line":210,"column":0},"end":{"line":210,"column":85}},"210":{"start":{"line":211,"column":0},"end":{"line":211,"column":71}},"211":{"start":{"line":212,"column":0},"end":{"line":212,"column":67}},"212":{"start":{"line":213,"column":0},"end":{"line":213,"column":51}},"213":{"start":{"line":214,"column":0},"end":{"line":214,"column":48}},"214":{"start":{"line":215,"column":0},"end":{"line":215,"column":46}},"215":{"start":{"line":216,"column":0},"end":{"line":216,"column":42}},"216":{"start":{"line":217,"column":0},"end":{"line":217,"column":46}},"217":{"start":{"line":218,"column":0},"end":{"line":218,"column":45}},"218":{"start":{"line":219,"column":0},"end":{"line":219,"column":38}},"220":{"start":{"line":221,"column":0},"end":{"line":221,"column":23}},"222":{"start":{"line":223,"column":0},"end":{"line":223,"column":26}},"225":{"start":{"line":226,"column":0},"end":{"line":226,"column":18}},"226":{"start":{"line":227,"column":0},"end":{"line":227,"column":15}},"227":{"start":{"line":228,"column":0},"end":{"line":228,"column":6}},"229":{"start":{"line":230,"column":0},"end":{"line":230,"column":18}}},"s":{"0":1,"1":1,"2":1,"3":1,"4":1,"5":1,"6":1,"7":1,"8":1,"10":1,"12":1,"14":1,"15":1,"16":1,"17":1,"18":1,"19":1,"20":1,"22":1,"23":36,"24":36,"25":36,"26":36,"27":36,"28":36,"29":36,"30":36,"31":36,"32":36,"33":36,"40":36,"41":36,"44":36,"45":11,"46":11,"47":11,"48":11,"49":1,"50":10,"53":11,"54":10,"55":2,"56":2,"57":2,"58":2,"59":2,"60":10,"61":10,"62":10,"63":10,"66":11,"69":10,"70":0,"71":0,"72":10,"75":10,"76":0,"77":0,"78":0,"79":0,"80":10,"81":8,"82":10,"88":11,"89":1,"90":1,"95":11,"96":1,"97":1,"98":11,"99":11,"100":11,"101":11,"103":36,"104":7,"105":7,"106":7,"108":7,"109":0,"110":0,"111":7,"113":36,"114":8,"115":8,"116":36,"118":36,"119":7,"120":36,"122":36,"123":36,"124":36,"126":36,"127":36,"128":36,"129":36,"131":36,"132":36,"134":36,"135":36,"136":36,"138":36,"139":36,"140":36,"142":36,"143":10,"144":10,"145":10,"146":10,"147":10,"148":10,"150":36,"152":36,"153":5,"154":5,"156":5,"157":5,"158":5,"159":5,"160":5,"161":5,"164":5,"165":5,"166":10,"167":10,"168":10,"169":10,"170":10,"171":10,"172":5,"173":5,"175":5,"176":5,"177":5,"178":5,"179":5,"180":5,"181":5,"184":36,"185":36,"187":36,"188":13,"189":23,"190":1,"191":22,"192":20,"194":2,"195":2,"196":2,"197":3,"198":2,"199":2,"201":2,"202":2,"203":2,"204":2,"205":2,"206":1,"207":1,"208":1,"209":1,"210":1,"211":1,"212":1,"213":1,"214":1,"215":1,"216":2,"217":2,"218":2,"220":2,"222":36,"225":36,"226":36,"227":36,"229":1},"branchMap":{"0":{"type":"branch","line":23,"loc":{"start":{"line":23,"column":12},"end":{"line":228,"column":6}},"locations":[{"start":{"line":23,"column":12},"end":{"line":228,"column":6}}]},"1":{"type":"branch","line":139,"loc":{"start":{"line":139,"column":27},"end":{"line":139,"column":50}},"locations":[{"start":{"line":139,"column":27},"end":{"line":139,"column":50}}]},"2":{"type":"branch","line":139,"loc":{"start":{"line":139,"column":41},"end":{"line":139,"column":60}},"locations":[{"start":{"line":139,"column":41},"end":{"line":139,"column":60}}]},"3":{"type":"branch","line":143,"loc":{"start":{"line":143,"column":21},"end":{"line":149,"column":24}},"locations":[{"start":{"line":143,"column":21},"end":{"line":149,"column":24}}]},"4":{"type":"branch","line":153,"loc":{"start":{"line":153,"column":41},"end":{"line":182,"column":30}},"locations":[{"start":{"line":153,"column":41},"end":{"line":182,"column":30}}]},"5":{"type":"branch","line":188,"loc":{"start":{"line":188,"column":21},"end":{"line":189,"column":35}},"locations":[{"start":{"line":188,"column":21},"end":{"line":189,"column":35}}]},"6":{"type":"branch","line":189,"loc":{"start":{"line":189,"column":33},"end":{"line":221,"column":23}},"locations":[{"start":{"line":189,"column":33},"end":{"line":221,"column":23}}]},"7":{"type":"branch","line":190,"loc":{"start":{"line":190,"column":24},"end":{"line":191,"column":70}},"locations":[{"start":{"line":190,"column":24},"end":{"line":191,"column":70}}]},"8":{"type":"branch","line":191,"loc":{"start":{"line":191,"column":66},"end":{"line":221,"column":23}},"locations":[{"start":{"line":191,"column":66},"end":{"line":221,"column":23}}]},"9":{"type":"branch","line":192,"loc":{"start":{"line":192,"column":47},"end":{"line":193,"column":113}},"locations":[{"start":{"line":192,"column":47},"end":{"line":193,"column":113}}]},"10":{"type":"branch","line":193,"loc":{"start":{"line":193,"column":109},"end":{"line":221,"column":23}},"locations":[{"start":{"line":193,"column":109},"end":{"line":221,"column":23}}]},"11":{"type":"branch","line":41,"loc":{"start":{"line":41,"column":16},"end":{"line":42,"column":44}},"locations":[{"start":{"line":41,"column":16},"end":{"line":42,"column":44}}]},"12":{"type":"branch","line":45,"loc":{"start":{"line":45,"column":24},"end":{"line":102,"column":6}},"locations":[{"start":{"line":45,"column":24},"end":{"line":102,"column":6}}]},"13":{"type":"branch","line":49,"loc":{"start":{"line":49,"column":27},"end":{"line":50,"column":92}},"locations":[{"start":{"line":49,"column":27},"end":{"line":50,"column":92}}]},"14":{"type":"branch","line":50,"loc":{"start":{"line":50,"column":90},"end":{"line":51,"column":84}},"locations":[{"start":{"line":50,"column":90},"end":{"line":51,"column":84}}]},"15":{"type":"branch","line":54,"loc":{"start":{"line":54,"column":23},"end":{"line":64,"column":13}},"locations":[{"start":{"line":54,"column":23},"end":{"line":64,"column":13}}]},"16":{"type":"branch","line":55,"loc":{"start":{"line":55,"column":43},"end":{"line":60,"column":17}},"locations":[{"start":{"line":55,"column":43},"end":{"line":60,"column":17}}]},"17":{"type":"branch","line":61,"loc":{"start":{"line":61,"column":38},"end":{"line":61,"column":96}},"locations":[{"start":{"line":61,"column":38},"end":{"line":61,"column":96}}]},"18":{"type":"branch","line":62,"loc":{"start":{"line":62,"column":34},"end":{"line":62,"column":86}},"locations":[{"start":{"line":62,"column":34},"end":{"line":62,"column":86}}]},"19":{"type":"branch","line":63,"loc":{"start":{"line":63,"column":35},"end":{"line":63,"column":79}},"locations":[{"start":{"line":63,"column":35},"end":{"line":63,"column":79}}]},"20":{"type":"branch","line":67,"loc":{"start":{"line":67,"column":62},"end":{"line":89,"column":51}},"locations":[{"start":{"line":67,"column":62},"end":{"line":89,"column":51}}]},"21":{"type":"branch","line":70,"loc":{"start":{"line":70,"column":30},"end":{"line":72,"column":13}},"locations":[{"start":{"line":70,"column":30},"end":{"line":72,"column":13}}]},"22":{"type":"branch","line":76,"loc":{"start":{"line":76,"column":43},"end":{"line":80,"column":13}},"locations":[{"start":{"line":76,"column":43},"end":{"line":80,"column":13}}]},"23":{"type":"branch","line":89,"loc":{"start":{"line":89,"column":15},"end":{"line":89,"column":51}},"locations":[{"start":{"line":89,"column":15},"end":{"line":89,"column":51}}]},"24":{"type":"branch","line":89,"loc":{"start":{"line":89,"column":46},"end":{"line":89,"column":63}},"locations":[{"start":{"line":89,"column":46},"end":{"line":89,"column":63}}]},"25":{"type":"branch","line":89,"loc":{"start":{"line":89,"column":63},"end":{"line":91,"column":13}},"locations":[{"start":{"line":89,"column":63},"end":{"line":91,"column":13}}]},"26":{"type":"branch","line":96,"loc":{"start":{"line":96,"column":8},"end":{"line":99,"column":10}},"locations":[{"start":{"line":96,"column":8},"end":{"line":99,"column":10}}]},"27":{"type":"branch","line":81,"loc":{"start":{"line":81,"column":25},"end":{"line":82,"column":70}},"locations":[{"start":{"line":81,"column":25},"end":{"line":82,"column":70}}]},"28":{"type":"branch","line":82,"loc":{"start":{"line":82,"column":25},"end":{"line":82,"column":44}},"locations":[{"start":{"line":82,"column":25},"end":{"line":82,"column":44}}]},"29":{"type":"branch","line":82,"loc":{"start":{"line":82,"column":34},"end":{"line":82,"column":70}},"locations":[{"start":{"line":82,"column":34},"end":{"line":82,"column":70}}]},"30":{"type":"branch","line":104,"loc":{"start":{"line":104,"column":31},"end":{"line":112,"column":5}},"locations":[{"start":{"line":104,"column":31},"end":{"line":112,"column":5}}]},"31":{"type":"branch","line":109,"loc":{"start":{"line":109,"column":8},"end":{"line":111,"column":9}},"locations":[{"start":{"line":109,"column":8},"end":{"line":111,"column":9}}]},"32":{"type":"branch","line":114,"loc":{"start":{"line":114,"column":15},"end":{"line":117,"column":7}},"locations":[{"start":{"line":114,"column":15},"end":{"line":117,"column":7}}]},"33":{"type":"branch","line":119,"loc":{"start":{"line":119,"column":14},"end":{"line":121,"column":7}},"locations":[{"start":{"line":119,"column":14},"end":{"line":121,"column":7}}]},"34":{"type":"branch","line":136,"loc":{"start":{"line":136,"column":35},"end":{"line":136,"column":73}},"locations":[{"start":{"line":136,"column":35},"end":{"line":136,"column":73}}]},"35":{"type":"branch","line":136,"loc":{"start":{"line":136,"column":56},"end":{"line":136,"column":71}},"locations":[{"start":{"line":136,"column":56},"end":{"line":136,"column":71}}]},"36":{"type":"branch","line":160,"loc":{"start":{"line":160,"column":41},"end":{"line":160,"column":113}},"locations":[{"start":{"line":160,"column":41},"end":{"line":160,"column":113}}]},"37":{"type":"branch","line":166,"loc":{"start":{"line":166,"column":48},"end":{"line":172,"column":37}},"locations":[{"start":{"line":166,"column":48},"end":{"line":172,"column":37}}]},"38":{"type":"branch","line":178,"loc":{"start":{"line":178,"column":37},"end":{"line":178,"column":108}},"locations":[{"start":{"line":178,"column":37},"end":{"line":178,"column":108}}]},"39":{"type":"branch","line":197,"loc":{"start":{"line":197,"column":43},"end":{"line":198,"column":95}},"locations":[{"start":{"line":197,"column":43},"end":{"line":198,"column":95}}]},"40":{"type":"branch","line":206,"loc":{"start":{"line":206,"column":49},"end":{"line":216,"column":42}},"locations":[{"start":{"line":206,"column":49},"end":{"line":216,"column":42}}]},"41":{"type":"branch","line":209,"loc":{"start":{"line":209,"column":92},"end":{"line":214,"column":48}},"locations":[{"start":{"line":209,"column":92},"end":{"line":214,"column":48}}]},"42":{"type":"branch","line":210,"loc":{"start":{"line":210,"column":60},"end":{"line":210,"column":84}},"locations":[{"start":{"line":210,"column":60},"end":{"line":210,"column":84}}]}},"b":{"0":[36],"1":[10],"2":[26],"3":[10],"4":[5],"5":[13],"6":[23],"7":[1],"8":[22],"9":[20],"10":[2],"11":[3],"12":[11],"13":[1],"14":[10],"15":[10],"16":[2],"17":[2],"18":[2],"19":[2],"20":[10],"21":[0],"22":[0],"23":[1],"24":[1],"25":[1],"26":[1],"27":[8],"28":[7],"29":[1],"30":[7],"31":[0],"32":[8],"33":[7],"34":[1],"35":[1],"36":[1],"37":[10],"38":[1],"39":[3],"40":[1],"41":[1],"42":[0]},"fnMap":{"0":{"name":"App","decl":{"start":{"line":23,"column":12},"end":{"line":228,"column":6}},"loc":{"start":{"line":23,"column":12},"end":{"line":228,"column":6}},"line":23},"1":{"name":"fetchMovies","decl":{"start":{"line":45,"column":24},"end":{"line":102,"column":6}},"loc":{"start":{"line":45,"column":24},"end":{"line":102,"column":6}},"line":45},"2":{"name":"loadTrendingMovies","decl":{"start":{"line":104,"column":31},"end":{"line":112,"column":5}},"loc":{"start":{"line":104,"column":31},"end":{"line":112,"column":5}},"line":104},"3":{"name":"onClick","decl":{"start":{"line":136,"column":35},"end":{"line":136,"column":73}},"loc":{"start":{"line":136,"column":35},"end":{"line":136,"column":73}},"line":136},"4":{"name":"onClick","decl":{"start":{"line":160,"column":41},"end":{"line":160,"column":113}},"loc":{"start":{"line":160,"column":41},"end":{"line":160,"column":113}},"line":160},"5":{"name":"onClick","decl":{"start":{"line":178,"column":37},"end":{"line":178,"column":108}},"loc":{"start":{"line":178,"column":37},"end":{"line":178,"column":108}},"line":178},"6":{"name":"onClick","decl":{"start":{"line":206,"column":49},"end":{"line":216,"column":42}},"loc":{"start":{"line":206,"column":49},"end":{"line":216,"column":42}},"line":206}},"f":{"0":36,"1":11,"2":7,"3":1,"4":1,"5":1,"6":1}}
,"C:\\SoftwareEngineer\\Programming\\JavaScript\\react-course\\movie_project\\src\\AppRoutes.jsx": {"path":"C:\\SoftwareEngineer\\Programming\\JavaScript\\react-course\\movie_project\\src\\AppRoutes.jsx","all":false,"statementMap":{"0":{"start":{"line":1,"column":0},"end":{"line":1,"column":49}},"1":{"start":{"line":2,"column":0},"end":{"line":2,"column":24}},"2":{"start":{"line":3,"column":0},"end":{"line":3,"column":51}},"4":{"start":{"line":5,"column":0},"end":{"line":5,"column":25}},"5":{"start":{"line":6,"column":0},"end":{"line":6,"column":10}},"6":{"start":{"line":7,"column":0},"end":{"line":7,"column":40}},"7":{"start":{"line":8,"column":0},"end":{"line":8,"column":57}},"8":{"start":{"line":9,"column":0},"end":{"line":9,"column":11}},"11":{"start":{"line":12,"column":0},"end":{"line":12,"column":25}}},"s":{"0":1,"1":1,"2":1,"4":1,"5":4,"6":4,"7":4,"8":4,"11":1},"branchMap":{"0":{"type":"branch","line":5,"loc":{"start":{"line":5,"column":18},"end":{"line":9,"column":11}},"locations":[{"start":{"line":5,"column":18},"end":{"line":9,"column":11}}]}},"b":{"0":[4]},"fnMap":{"0":{"name":"AppRoutes","decl":{"start":{"line":5,"column":18},"end":{"line":9,"column":11}},"loc":{"start":{"line":5,"column":18},"end":{"line":9,"column":11}},"line":5}},"f":{"0":4}}
,"C:\\SoftwareEngineer\\Programming\\JavaScript\\react-course\\movie_project\\src\\appwrite.js": {"path":"C:\\SoftwareEngineer\\Programming\\JavaScript\\react-course\\movie_project\\src\\appwrite.js","all":false,"statementMap":{"0":{"start":{"line":1,"column":0},"end":{"line":1,"column":56}},"1":{"start":{"line":2,"column":0},"end":{"line":2,"column":0}},"2":{"start":{"line":3,"column":0},"end":{"line":3,"column":0}},"3":{"start":{"line":4,"column":0},"end":{"line":4,"column":60}},"4":{"start":{"line":5,"column":0},"end":{"line":5,"column":62}},"5":{"start":{"line":6,"column":0},"end":{"line":6,"column":66}},"6":{"start":{"line":7,"column":0},"end":{"line":7,"column":0}},"7":{"start":{"line":8,"column":0},"end":{"line":8,"column":27}},"8":{"start":{"line":9,"column":0},"end":{"line":9,"column":69}},"9":{"start":{"line":10,"column":0},"end":{"line":10,"column":47}},"10":{"start":{"line":11,"column":0},"end":{"line":11,"column":0}},"11":{"start":{"line":12,"column":0},"end":{"line":12,"column":39}},"12":{"start":{"line":13,"column":0},"end":{"line":13,"column":0}},"13":{"start":{"line":14,"column":0},"end":{"line":14,"column":63}},"14":{"start":{"line":15,"column":0},"end":{"line":15,"column":85}},"15":{"start":{"line":16,"column":0},"end":{"line":16,"column":0}},"16":{"start":{"line":17,"column":0},"end":{"line":17,"column":9}},"17":{"start":{"line":18,"column":0},"end":{"line":18,"column":52}},"18":{"start":{"line":19,"column":0},"end":{"line":19,"column":79}},"19":{"start":{"line":20,"column":0},"end":{"line":20,"column":10}},"20":{"start":{"line":21,"column":0},"end":{"line":21,"column":4}},"21":{"start":{"line":22,"column":0},"end":{"line":22,"column":38}},"22":{"start":{"line":23,"column":0},"end":{"line":23,"column":0}},"23":{"start":{"line":24,"column":0},"end":{"line":24,"column":37}},"24":{"start":{"line":25,"column":0},"end":{"line":25,"column":40}},"25":{"start":{"line":26,"column":0},"end":{"line":26,"column":38}},"26":{"start":{"line":27,"column":0},"end":{"line":27,"column":50}},"27":{"start":{"line":28,"column":0},"end":{"line":28,"column":37}},"28":{"start":{"line":29,"column":0},"end":{"line":29,"column":15}},"29":{"start":{"line":30,"column":0},"end":{"line":30,"column":86}},"30":{"start":{"line":31,"column":0},"end":{"line":31,"column":12}},"31":{"start":{"line":32,"column":0},"end":{"line":32,"column":38}},"32":{"start":{"line":33,"column":0},"end":{"line":33,"column":54}},"33":{"start":{"line":34,"column":0},"end":{"line":34,"column":27}},"34":{"start":{"line":35,"column":0},"end":{"line":35,"column":25}},"35":{"start":{"line":36,"column":0},"end":{"line":36,"column":35}},"36":{"start":{"line":37,"column":0},"end":{"line":37,"column":82}},"37":{"start":{"line":38,"column":0},"end":{"line":38,"column":15}},"38":{"start":{"line":39,"column":0},"end":{"line":39,"column":9}},"39":{"start":{"line":40,"column":0},"end":{"line":40,"column":21}},"40":{"start":{"line":41,"column":0},"end":{"line":41,"column":61}},"41":{"start":{"line":42,"column":0},"end":{"line":42,"column":5}},"42":{"start":{"line":43,"column":0},"end":{"line":43,"column":4}},"43":{"start":{"line":44,"column":0},"end":{"line":44,"column":1}},"44":{"start":{"line":45,"column":0},"end":{"line":45,"column":0}},"45":{"start":{"line":46,"column":0},"end":{"line":46,"column":46}},"46":{"start":{"line":47,"column":0},"end":{"line":47,"column":8}},"47":{"start":{"line":48,"column":0},"end":{"line":48,"column":52}},"48":{"start":{"line":49,"column":0},"end":{"line":49,"column":84}},"49":{"start":{"line":50,"column":0},"end":{"line":50,"column":10}},"50":{"start":{"line":51,"column":0},"end":{"line":51,"column":32}},"51":{"start":{"line":52,"column":0},"end":{"line":52,"column":0}},"52":{"start":{"line":53,"column":0},"end":{"line":53,"column":21}},"53":{"start":{"line":54,"column":0},"end":{"line":54,"column":64}},"54":{"start":{"line":55,"column":0},"end":{"line":55,"column":5}},"55":{"start":{"line":56,"column":0},"end":{"line":56,"column":1}}},"s":{"0":1,"1":1,"2":1,"3":1,"4":1,"5":1,"6":1,"7":1,"8":1,"9":1,"10":1,"11":1,"12":1,"13":1,"14":2,"15":2,"16":2,"17":2,"18":2,"19":2,"20":2,"21":2,"22":2,"23":2,"24":1,"25":1,"26":1,"27":1,"28":1,"29":1,"30":1,"31":1,"32":1,"33":1,"34":1,"35":1,"36":1,"37":1,"38":1,"39":2,"40":0,"41":0,"42":2,"43":2,"44":1,"45":1,"46":1,"47":1,"48":1,"49":1,"50":1,"51":1,"52":1,"53":0,"54":0,"55":1},"branchMap":{"0":{"type":"branch","line":14,"loc":{"start":{"line":14,"column":33},"end":{"line":44,"column":1}},"locations":[{"start":{"line":14,"column":33},"end":{"line":44,"column":1}}]},"1":{"type":"branch","line":24,"loc":{"start":{"line":24,"column":36},"end":{"line":39,"column":9}},"locations":[{"start":{"line":24,"column":36},"end":{"line":39,"column":9}}]},"2":{"type":"branch","line":40,"loc":{"start":{"line":40,"column":6},"end":{"line":42,"column":5}},"locations":[{"start":{"line":40,"column":6},"end":{"line":42,"column":5}}]},"3":{"type":"branch","line":46,"loc":{"start":{"line":46,"column":33},"end":{"line":56,"column":1}},"locations":[{"start":{"line":46,"column":33},"end":{"line":56,"column":1}}]},"4":{"type":"branch","line":53,"loc":{"start":{"line":53,"column":6},"end":{"line":55,"column":5}},"locations":[{"start":{"line":53,"column":6},"end":{"line":55,"column":5}}]}},"b":{"0":[2],"1":[1],"2":[0],"3":[1],"4":[0]},"fnMap":{"0":{"name":"updateSearchCount","decl":{"start":{"line":14,"column":33},"end":{"line":44,"column":1}},"loc":{"start":{"line":14,"column":33},"end":{"line":44,"column":1}},"line":14},"1":{"name":"getTrendingMovies","decl":{"start":{"line":46,"column":33},"end":{"line":56,"column":1}},"loc":{"start":{"line":46,"column":33},"end":{"line":56,"column":1}},"line":46}},"f":{"0":2,"1":1}}
,"C:\\SoftwareEngineer\\Programming\\JavaScript\\react-course\\movie_project\\src\\main.jsx": {"path":"C:\\SoftwareEngineer\\Programming\\JavaScript\\react-course\\movie_project\\src\\main.jsx","all":false,"statementMap":{"0":{"start":{"line":1,"column":0},"end":{"line":1,"column":35}},"1":{"start":{"line":2,"column":0},"end":{"line":2,"column":46}},"2":{"start":{"line":3,"column":0},"end":{"line":3,"column":49}},"3":{"start":{"line":4,"column":0},"end":{"line":4,"column":21}},"4":{"start":{"line":5,"column":0},"end":{"line":5,"column":41}},"6":{"start":{"line":7,"column":0},"end":{"line":7,"column":51}},"7":{"start":{"line":8,"column":0},"end":{"line":8,"column":14}},"8":{"start":{"line":9,"column":0},"end":{"line":9,"column":19}},"9":{"start":{"line":10,"column":0},"end":{"line":10,"column":19}},"10":{"start":{"line":11,"column":0},"end":{"line":11,"column":20}},"11":{"start":{"line":12,"column":0},"end":{"line":12,"column":15}},"12":{"start":{"line":13,"column":0},"end":{"line":13,"column":2}}},"s":{"0":1,"1":1,"2":1,"3":1,"4":1,"6":1,"7":1,"8":1,"9":1,"10":1,"11":1,"12":1},"branchMap":{},"b":{},"fnMap":{},"f":{}}
,"C:\\SoftwareEngineer\\Programming\\JavaScript\\react-course\\movie_project\\src\\components\\CastCard.jsx": {"path":"C:\\SoftwareEngineer\\Programming\\JavaScript\\react-course\\movie_project\\src\\components\\CastCard.jsx","all":false,"statementMap":{"1":{"start":{"line":2,"column":0},"end":{"line":2,"column":26}},"3":{"start":{"line":4,"column":0},"end":{"line":4,"column":26}},"4":{"start":{"line":5,"column":0},"end":{"line":5,"column":37}},"5":{"start":{"line":6,"column":0},"end":{"line":6,"column":7}},"6":{"start":{"line":7,"column":0},"end":{"line":7,"column":11}},"7":{"start":{"line":8,"column":0},"end":{"line":8,"column":31}},"8":{"start":{"line":9,"column":0},"end":{"line":9,"column":10}},"9":{"start":{"line":10,"column":0},"end":{"line":10,"column":93}},"10":{"start":{"line":11,"column":0},"end":{"line":11,"column":18}},"11":{"start":{"line":12,"column":0},"end":{"line":12,"column":112}},"12":{"start":{"line":13,"column":0},"end":{"line":13,"column":8}},"13":{"start":{"line":14,"column":0},"end":{"line":14,"column":84}},"14":{"start":{"line":15,"column":0},"end":{"line":15,"column":56}},"15":{"start":{"line":16,"column":0},"end":{"line":16,"column":72}},"16":{"start":{"line":17,"column":0},"end":{"line":17,"column":12}},"17":{"start":{"line":18,"column":0},"end":{"line":18,"column":10}},"19":{"start":{"line":20,"column":0},"end":{"line":20,"column":2}},"21":{"start":{"line":22,"column":0},"end":{"line":22,"column":24}}},"s":{"1":1,"3":1,"4":3,"5":3,"6":3,"7":3,"8":3,"9":3,"10":3,"11":3,"12":3,"13":3,"14":3,"15":3,"16":3,"17":3,"19":3,"21":1},"branchMap":{"0":{"type":"branch","line":4,"loc":{"start":{"line":4,"column":17},"end":{"line":20,"column":2}},"locations":[{"start":{"line":4,"column":17},"end":{"line":20,"column":2}}]},"1":{"type":"branch","line":10,"loc":{"start":{"line":10,"column":13},"end":{"line":10,"column":79}},"locations":[{"start":{"line":10,"column":13},"end":{"line":10,"column":79}}]}},"b":{"0":[3],"1":[0]},"fnMap":{"0":{"name":"CastCard","decl":{"start":{"line":4,"column":17},"end":{"line":20,"column":2}},"loc":{"start":{"line":4,"column":17},"end":{"line":20,"column":2}},"line":4}},"f":{"0":3}}
,"C:\\SoftwareEngineer\\Programming\\JavaScript\\react-course\\movie_project\\src\\components\\FilterBar.jsx": {"path":"C:\\SoftwareEngineer\\Programming\\JavaScript\\react-course\\movie_project\\src\\components\\FilterBar.jsx","all":false,"statementMap":{"2":{"start":{"line":3,"column":0},"end":{"line":3,"column":99}},"3":{"start":{"line":4,"column":0},"end":{"line":4,"column":67}},"4":{"start":{"line":5,"column":0},"end":{"line":5,"column":19}},"5":{"start":{"line":6,"column":0},"end":{"line":6,"column":34}},"6":{"start":{"line":7,"column":0},"end":{"line":7,"column":33}},"7":{"start":{"line":8,"column":0},"end":{"line":8,"column":34}},"8":{"start":{"line":9,"column":0},"end":{"line":9,"column":37}},"9":{"start":{"line":10,"column":0},"end":{"line":10,"column":35}},"10":{"start":{"line":11,"column":0},"end":{"line":11,"column":33}},"11":{"start":{"line":12,"column":0},"end":{"line":12,"column":2}},"12":{"start":{"line":13,"column":0},"end":{"line":13,"column":16}},"13":{"start":{"line":14,"column":0},"end":{"line":14,"column":31}},"14":{"start":{"line":15,"column":0},"end":{"line":15,"column":31}},"15":{"start":{"line":16,"column":0},"end":{"line":16,"column":30}},"16":{"start":{"line":17,"column":0},"end":{"line":17,"column":31}},"17":{"start":{"line":18,"column":0},"end":{"line":18,"column":35}},"18":{"start":{"line":19,"column":0},"end":{"line":19,"column":32}},"19":{"start":{"line":20,"column":0},"end":{"line":20,"column":4}},"21":{"start":{"line":22,"column":0},"end":{"line":22,"column":82}},"23":{"start":{"line":24,"column":0},"end":{"line":24,"column":36}},"24":{"start":{"line":25,"column":0},"end":{"line":25,"column":40}},"25":{"start":{"line":26,"column":0},"end":{"line":26,"column":4}},"27":{"start":{"line":28,"column":0},"end":{"line":28,"column":10}},"29":{"start":{"line":30,"column":0},"end":{"line":30,"column":38}},"30":{"start":{"line":31,"column":0},"end":{"line":31,"column":68}},"31":{"start":{"line":32,"column":0},"end":{"line":32,"column":17}},"32":{"start":{"line":33,"column":0},"end":{"line":33,"column":23}},"33":{"start":{"line":34,"column":0},"end":{"line":34,"column":37}},"34":{"start":{"line":35,"column":0},"end":{"line":35,"column":34}},"35":{"start":{"line":36,"column":0},"end":{"line":36,"column":80}},"37":{"start":{"line":38,"column":0},"end":{"line":38,"column":44}},"38":{"start":{"line":39,"column":0},"end":{"line":39,"column":33}},"39":{"start":{"line":40,"column":0},"end":{"line":40,"column":52}},"40":{"start":{"line":41,"column":0},"end":{"line":41,"column":15}},"41":{"start":{"line":42,"column":0},"end":{"line":42,"column":19}},"43":{"start":{"line":44,"column":0},"end":{"line":44,"column":72}},"44":{"start":{"line":45,"column":0},"end":{"line":45,"column":17}},"45":{"start":{"line":46,"column":0},"end":{"line":46,"column":25}},"46":{"start":{"line":47,"column":0},"end":{"line":47,"column":37}},"47":{"start":{"line":48,"column":0},"end":{"line":48,"column":36}},"48":{"start":{"line":49,"column":0},"end":{"line":49,"column":82}},"50":{"start":{"line":51,"column":0},"end":{"line":51,"column":46}},"51":{"start":{"line":52,"column":0},"end":{"line":52,"column":38}},"52":{"start":{"line":53,"column":0},"end":{"line":53,"column":76}},"53":{"start":{"line":54,"column":0},"end":{"line":54,"column":15}},"54":{"start":{"line":55,"column":0},"end":{"line":55,"column":19}},"56":{"start":{"line":57,"column":0},"end":{"line":57,"column":64}},"57":{"start":{"line":58,"column":0},"end":{"line":58,"column":17}},"58":{"start":{"line":59,"column":0},"end":{"line":59,"column":21}},"59":{"start":{"line":60,"column":0},"end":{"line":60,"column":37}},"60":{"start":{"line":61,"column":0},"end":{"line":61,"column":32}},"61":{"start":{"line":62,"column":0},"end":{"line":62,"column":78}},"63":{"start":{"line":64,"column":0},"end":{"line":64,"column":42}},"64":{"start":{"line":65,"column":0},"end":{"line":65,"column":31}},"65":{"start":{"line":66,"column":0},"end":{"line":66,"column":52}},"66":{"start":{"line":67,"column":0},"end":{"line":67,"column":15}},"67":{"start":{"line":68,"column":0},"end":{"line":68,"column":19}},"69":{"start":{"line":70,"column":0},"end":{"line":70,"column":66}},"70":{"start":{"line":71,"column":0},"end":{"line":71,"column":17}},"71":{"start":{"line":72,"column":0},"end":{"line":72,"column":22}},"72":{"start":{"line":73,"column":0},"end":{"line":73,"column":37}},"73":{"start":{"line":74,"column":0},"end":{"line":74,"column":33}},"74":{"start":{"line":75,"column":0},"end":{"line":75,"column":79}},"76":{"start":{"line":77,"column":0},"end":{"line":77,"column":43}},"77":{"start":{"line":78,"column":0},"end":{"line":78,"column":32}},"78":{"start":{"line":79,"column":0},"end":{"line":79,"column":65}},"79":{"start":{"line":80,"column":0},"end":{"line":80,"column":15}},"80":{"start":{"line":81,"column":0},"end":{"line":81,"column":19}},"82":{"start":{"line":83,"column":0},"end":{"line":83,"column":17}},"83":{"start":{"line":84,"column":0},"end":{"line":84,"column":41}},"84":{"start":{"line":85,"column":0},"end":{"line":85,"column":40}},"85":{"start":{"line":86,"column":0},"end":{"line":86,"column":11}},"87":{"start":{"line":88,"column":0},"end":{"line":88,"column":19}},"89":{"start":{"line":90,"column":0},"end":{"line":90,"column":17}},"90":{"start":{"line":91,"column":0},"end":{"line":91,"column":41}},"91":{"start":{"line":92,"column":0},"end":{"line":92,"column":28}},"92":{"start":{"line":93,"column":0},"end":{"line":93,"column":74}},"93":{"start":{"line":94,"column":0},"end":{"line":94,"column":65}},"94":{"start":{"line":95,"column":0},"end":{"line":95,"column":14}},"95":{"start":{"line":96,"column":0},"end":{"line":96,"column":9}},"97":{"start":{"line":98,"column":0},"end":{"line":98,"column":19}},"98":{"start":{"line":99,"column":0},"end":{"line":99,"column":14}},"100":{"start":{"line":101,"column":0},"end":{"line":101,"column":2}},"102":{"start":{"line":103,"column":0},"end":{"line":103,"column":25}}},"s":{"2":1,"3":1,"4":1,"5":1,"6":1,"7":1,"8":1,"9":1,"10":1,"11":1,"12":1,"13":1,"14":1,"15":1,"16":1,"17":1,"18":1,"19":1,"21":1,"23":10,"24":2,"25":2,"27":10,"29":10,"30":10,"31":10,"32":10,"33":10,"34":10,"35":10,"37":10,"38":10,"39":110,"40":10,"41":10,"43":10,"44":10,"45":10,"46":10,"47":10,"48":10,"50":10,"51":10,"52":60,"53":10,"54":10,"56":10,"57":10,"58":10,"59":10,"60":10,"61":10,"63":10,"64":10,"65":2000,"66":10,"67":10,"69":10,"70":10,"71":10,"72":10,"73":10,"74":10,"76":10,"77":10,"78":60,"79":10,"80":10,"82":10,"83":10,"84":10,"85":10,"87":10,"89":10,"90":10,"91":10,"92":2,"93":2,"94":2,"95":10,"97":10,"98":10,"100":10,"102":1},"branchMap":{"0":{"type":"branch","line":3,"loc":{"start":{"line":3,"column":42},"end":{"line":3,"column":80}},"locations":[{"start":{"line":3,"column":42},"end":{"line":3,"column":80}}]},"1":{"type":"branch","line":4,"loc":{"start":{"line":4,"column":43},"end":{"line":4,"column":54}},"locations":[{"start":{"line":4,"column":43},"end":{"line":4,"column":54}}]},"2":{"type":"branch","line":22,"loc":{"start":{"line":22,"column":18},"end":{"line":101,"column":2}},"locations":[{"start":{"line":22,"column":18},"end":{"line":101,"column":2}}]},"3":{"type":"branch","line":24,"loc":{"start":{"line":24,"column":29},"end":{"line":26,"column":4}},"locations":[{"start":{"line":24,"column":29},"end":{"line":26,"column":4}}]},"4":{"type":"branch","line":36,"loc":{"start":{"line":36,"column":22},"end":{"line":36,"column":80}},"locations":[{"start":{"line":36,"column":22},"end":{"line":36,"column":80}}]},"5":{"type":"branch","line":39,"loc":{"start":{"line":39,"column":25},"end":{"line":40,"column":52}},"locations":[{"start":{"line":39,"column":25},"end":{"line":40,"column":52}}]},"6":{"type":"branch","line":49,"loc":{"start":{"line":49,"column":22},"end":{"line":49,"column":82}},"locations":[{"start":{"line":49,"column":22},"end":{"line":49,"column":82}}]},"7":{"type":"branch","line":52,"loc":{"start":{"line":52,"column":27},"end":{"line":53,"column":76}},"locations":[{"start":{"line":52,"column":27},"end":{"line":53,"column":76}}]},"8":{"type":"branch","line":62,"loc":{"start":{"line":62,"column":22},"end":{"line":62,"column":78}},"locations":[{"start":{"line":62,"column":22},"end":{"line":62,"column":78}}]},"9":{"type":"branch","line":65,"loc":{"start":{"line":65,"column":23},"end":{"line":66,"column":52}},"locations":[{"start":{"line":65,"column":23},"end":{"line":66,"column":52}}]},"10":{"type":"branch","line":75,"loc":{"start":{"line":75,"column":22},"end":{"line":75,"column":79}},"locations":[{"start":{"line":75,"column":22},"end":{"line":75,"column":79}}]},"11":{"type":"branch","line":78,"loc":{"start":{"line":78,"column":24},"end":{"line":79,"column":65}},"locations":[{"start":{"line":78,"column":24},"end":{"line":79,"column":65}}]},"12":{"type":"branch","line":92,"loc":{"start":{"line":92,"column":21},"end":{"line":95,"column":14}},"locations":[{"start":{"line":92,"column":21},"end":{"line":95,"column":14}}]}},"b":{"0":[1600],"1":[88],"2":[10],"3":[2],"4":[2],"5":[110],"6":[1],"7":[60],"8":[1],"9":[2000],"10":[1],"11":[60],"12":[2]},"fnMap":{"0":{"name":"FilterBar","decl":{"start":{"line":22,"column":18},"end":{"line":101,"column":2}},"loc":{"start":{"line":22,"column":18},"end":{"line":101,"column":2}},"line":22},"1":{"name":"handleApplyFilters","decl":{"start":{"line":24,"column":29},"end":{"line":26,"column":4}},"loc":{"start":{"line":24,"column":29},"end":{"line":26,"column":4}},"line":24},"2":{"name":"onChange","decl":{"start":{"line":36,"column":22},"end":{"line":36,"column":80}},"loc":{"start":{"line":36,"column":22},"end":{"line":36,"column":80}},"line":36},"3":{"name":"onChange","decl":{"start":{"line":49,"column":22},"end":{"line":49,"column":82}},"loc":{"start":{"line":49,"column":22},"end":{"line":49,"column":82}},"line":49},"4":{"name":"onChange","decl":{"start":{"line":62,"column":22},"end":{"line":62,"column":78}},"loc":{"start":{"line":62,"column":22},"end":{"line":62,"column":78}},"line":62},"5":{"name":"onChange","decl":{"start":{"line":75,"column":22},"end":{"line":75,"column":79}},"loc":{"start":{"line":75,"column":22},"end":{"line":75,"column":79}},"line":75},"6":{"name":"onClick","decl":{"start":{"line":92,"column":21},"end":{"line":95,"column":14}},"loc":{"start":{"line":92,"column":21},"end":{"line":95,"column":14}},"line":92}},"f":{"0":10,"1":2,"2":2,"3":1,"4":1,"5":1,"6":2}}
,"C:\\SoftwareEngineer\\Programming\\JavaScript\\react-course\\movie_project\\src\\components\\MovieCard.jsx": {"path":"C:\\SoftwareEngineer\\Programming\\JavaScript\\react-course\\movie_project\\src\\components\\MovieCard.jsx","all":false,"statementMap":{"0":{"start":{"line":1,"column":0},"end":{"line":1,"column":25}},"1":{"start":{"line":2,"column":0},"end":{"line":2,"column":116}},"6":{"start":{"line":7,"column":0},"end":{"line":7,"column":26}},"7":{"start":{"line":8,"column":0},"end":{"line":8,"column":78}},"8":{"start":{"line":9,"column":0},"end":{"line":9,"column":7}},"9":{"start":{"line":10,"column":0},"end":{"line":10,"column":10}},"10":{"start":{"line":11,"column":0},"end":{"line":11,"column":58}},"12":{"start":{"line":13,"column":0},"end":{"line":13,"column":36}},"13":{"start":{"line":14,"column":0},"end":{"line":14,"column":102}},"14":{"start":{"line":15,"column":0},"end":{"line":15,"column":26}},"16":{"start":{"line":17,"column":0},"end":{"line":17,"column":34}},"17":{"start":{"line":18,"column":0},"end":{"line":18,"column":32}},"19":{"start":{"line":20,"column":0},"end":{"line":20,"column":41}},"20":{"start":{"line":21,"column":0},"end":{"line":21,"column":44}},"21":{"start":{"line":22,"column":0},"end":{"line":22,"column":62}},"22":{"start":{"line":23,"column":0},"end":{"line":23,"column":79}},"23":{"start":{"line":24,"column":0},"end":{"line":24,"column":26}},"25":{"start":{"line":26,"column":0},"end":{"line":26,"column":34}},"26":{"start":{"line":27,"column":0},"end":{"line":27,"column":63}},"27":{"start":{"line":28,"column":0},"end":{"line":28,"column":34}},"28":{"start":{"line":29,"column":0},"end":{"line":29,"column":40}},"29":{"start":{"line":30,"column":0},"end":{"line":30,"column":75}},"30":{"start":{"line":31,"column":0},"end":{"line":31,"column":24}},"32":{"start":{"line":33,"column":0},"end":{"line":33,"column":22}},"33":{"start":{"line":34,"column":0},"end":{"line":34,"column":18}},"34":{"start":{"line":35,"column":0},"end":{"line":35,"column":14}},"35":{"start":{"line":36,"column":0},"end":{"line":36,"column":11}},"37":{"start":{"line":38,"column":0},"end":{"line":38,"column":1}},"39":{"start":{"line":40,"column":0},"end":{"line":40,"column":24}}},"s":{"0":1,"1":1,"6":1,"7":4,"8":4,"9":4,"10":4,"12":4,"13":4,"14":4,"16":4,"17":4,"19":4,"20":4,"21":4,"22":4,"23":4,"25":4,"26":4,"27":4,"28":4,"29":4,"30":4,"32":4,"33":4,"34":4,"35":4,"37":4,"39":1},"branchMap":{"0":{"type":"branch","line":7,"loc":{"start":{"line":7,"column":18},"end":{"line":38,"column":1}},"locations":[{"start":{"line":7,"column":18},"end":{"line":38,"column":1}}]},"1":{"type":"branch","line":14,"loc":{"start":{"line":14,"column":81},"end":{"line":14,"column":102}},"locations":[{"start":{"line":14,"column":81},"end":{"line":14,"column":102}}]},"2":{"type":"branch","line":23,"loc":{"start":{"line":23,"column":65},"end":{"line":23,"column":75}},"locations":[{"start":{"line":23,"column":65},"end":{"line":23,"column":75}}]},"3":{"type":"branch","line":30,"loc":{"start":{"line":30,"column":65},"end":{"line":30,"column":75}},"locations":[{"start":{"line":30,"column":65},"end":{"line":30,"column":75}}]}},"b":{"0":[4],"1":[0],"2":[0],"3":[0]},"fnMap":{"0":{"name":"MovieCard","decl":{"start":{"line":7,"column":18},"end":{"line":38,"column":1}},"loc":{"start":{"line":7,"column":18},"end":{"line":38,"column":1}},"line":7}},"f":{"0":4}}
,"C:\\SoftwareEngineer\\Programming\\JavaScript\\react-course\\movie_project\\src\\components\\MovieDetail.jsx": {"path":"C:\\SoftwareEngineer\\Programming\\JavaScript\\react-course\\movie_project\\src\\components\\MovieDetail.jsx","all":false,"statementMap":{"0":{"start":{"line":1,"column":0},"end":{"line":1,"column":58}},"1":{"start":{"line":2,"column":0},"end":{"line":2,"column":44}},"2":{"start":{"line":3,"column":0},"end":{"line":3,"column":34}},"4":{"start":{"line":5,"column":0},"end":{"line":5,"column":47}},"5":{"start":{"line":6,"column":0},"end":{"line":6,"column":50}},"6":{"start":{"line":7,"column":0},"end":{"line":7,"column":21}},"7":{"start":{"line":8,"column":0},"end":{"line":8,"column":18}},"8":{"start":{"line":9,"column":0},"end":{"line":9,"column":14}},"9":{"start":{"line":10,"column":0},"end":{"line":10,"column":35}},"10":{"start":{"line":11,"column":0},"end":{"line":11,"column":43}},"11":{"start":{"line":12,"column":0},"end":{"line":12,"column":6}},"12":{"start":{"line":13,"column":0},"end":{"line":13,"column":2}},"14":{"start":{"line":15,"column":0},"end":{"line":15,"column":27}},"15":{"start":{"line":16,"column":0},"end":{"line":16,"column":90}},"19":{"start":{"line":20,"column":0},"end":{"line":20,"column":43}},"20":{"start":{"line":21,"column":0},"end":{"line":21,"column":39}},"21":{"start":{"line":22,"column":0},"end":{"line":22,"column":126}},"22":{"start":{"line":23,"column":0},"end":{"line":23,"column":106}},"24":{"start":{"line":25,"column":0},"end":{"line":25,"column":37}},"25":{"start":{"line":26,"column":0},"end":{"line":26,"column":8}},"26":{"start":{"line":27,"column":0},"end":{"line":27,"column":84}},"27":{"start":{"line":28,"column":0},"end":{"line":28,"column":60}},"28":{"start":{"line":29,"column":0},"end":{"line":29,"column":27}},"29":{"start":{"line":30,"column":0},"end":{"line":30,"column":70}},"30":{"start":{"line":31,"column":0},"end":{"line":31,"column":9}},"31":{"start":{"line":32,"column":0},"end":{"line":32,"column":43}},"32":{"start":{"line":33,"column":0},"end":{"line":33,"column":26}},"33":{"start":{"line":34,"column":0},"end":{"line":34,"column":40}},"34":{"start":{"line":35,"column":0},"end":{"line":35,"column":27}},"35":{"start":{"line":36,"column":0},"end":{"line":36,"column":19}},"36":{"start":{"line":37,"column":0},"end":{"line":37,"column":9}},"37":{"start":{"line":38,"column":0},"end":{"line":38,"column":23}},"38":{"start":{"line":39,"column":0},"end":{"line":39,"column":21}},"39":{"start":{"line":40,"column":0},"end":{"line":40,"column":60}},"40":{"start":{"line":41,"column":0},"end":{"line":41,"column":5}},"41":{"start":{"line":42,"column":0},"end":{"line":42,"column":3}},"43":{"start":{"line":44,"column":0},"end":{"line":44,"column":34}},"44":{"start":{"line":45,"column":0},"end":{"line":45,"column":8}},"45":{"start":{"line":46,"column":0},"end":{"line":46,"column":58}},"46":{"start":{"line":47,"column":0},"end":{"line":47,"column":60}},"47":{"start":{"line":48,"column":0},"end":{"line":48,"column":27}},"48":{"start":{"line":49,"column":0},"end":{"line":49,"column":70}},"49":{"start":{"line":50,"column":0},"end":{"line":50,"column":9}},"50":{"start":{"line":51,"column":0},"end":{"line":51,"column":48}},"51":{"start":{"line":52,"column":0},"end":{"line":52,"column":31}},"52":{"start":{"line":53,"column":0},"end":{"line":53,"column":61}},"53":{"start":{"line":54,"column":0},"end":{"line":54,"column":24}},"54":{"start":{"line":55,"column":0},"end":{"line":55,"column":19}},"55":{"start":{"line":56,"column":0},"end":{"line":56,"column":9}},"56":{"start":{"line":57,"column":0},"end":{"line":57,"column":32}},"57":{"start":{"line":58,"column":0},"end":{"line":58,"column":21}},"58":{"start":{"line":59,"column":0},"end":{"line":59,"column":60}},"59":{"start":{"line":60,"column":0},"end":{"line":60,"column":18}},"60":{"start":{"line":61,"column":0},"end":{"line":61,"column":5}},"61":{"start":{"line":62,"column":0},"end":{"line":62,"column":3}},"65":{"start":{"line":66,"column":0},"end":{"line":66,"column":19}},"66":{"start":{"line":67,"column":0},"end":{"line":67,"column":29}},"68":{"start":{"line":69,"column":0},"end":{"line":69,"column":21}},"69":{"start":{"line":70,"column":0},"end":{"line":70,"column":26}},"71":{"start":{"line":72,"column":0},"end":{"line":72,"column":62}},"77":{"start":{"line":78,"column":0},"end":{"line":78,"column":10}},"78":{"start":{"line":79,"column":0},"end":{"line":79,"column":36}},"79":{"start":{"line":80,"column":0},"end":{"line":80,"column":30}},"80":{"start":{"line":81,"column":0},"end":{"line":81,"column":19}},"81":{"start":{"line":82,"column":0},"end":{"line":82,"column":45}},"82":{"start":{"line":83,"column":0},"end":{"line":83,"column":86}},"83":{"start":{"line":84,"column":0},"end":{"line":84,"column":31}},"84":{"start":{"line":85,"column":0},"end":{"line":85,"column":21}},"86":{"start":{"line":87,"column":0},"end":{"line":87,"column":66}},"87":{"start":{"line":88,"column":0},"end":{"line":88,"column":67}},"88":{"start":{"line":89,"column":0},"end":{"line":89,"column":24}},"89":{"start":{"line":90,"column":0},"end":{"line":90,"column":121}},"90":{"start":{"line":91,"column":0},"end":{"line":91,"column":41}},"91":{"start":{"line":92,"column":0},"end":{"line":92,"column":58}},"92":{"start":{"line":93,"column":0},"end":{"line":93,"column":26}},"93":{"start":{"line":94,"column":0},"end":{"line":94,"column":22}},"96":{"start":{"line":97,"column":0},"end":{"line":97,"column":57}},"97":{"start":{"line":98,"column":0},"end":{"line":98,"column":55}},"98":{"start":{"line":99,"column":0},"end":{"line":99,"column":37}},"99":{"start":{"line":100,"column":0},"end":{"line":100,"column":56}},"100":{"start":{"line":101,"column":0},"end":{"line":101,"column":64}},"101":{"start":{"line":102,"column":0},"end":{"line":102,"column":31}},"102":{"start":{"line":103,"column":0},"end":{"line":103,"column":25}},"103":{"start":{"line":104,"column":0},"end":{"line":104,"column":59}},"104":{"start":{"line":105,"column":0},"end":{"line":105,"column":65}},"105":{"start":{"line":106,"column":0},"end":{"line":106,"column":40}},"106":{"start":{"line":107,"column":0},"end":{"line":107,"column":57}},"107":{"start":{"line":108,"column":0},"end":{"line":108,"column":40}},"108":{"start":{"line":109,"column":0},"end":{"line":109,"column":84}},"109":{"start":{"line":110,"column":0},"end":{"line":110,"column":40}},"110":{"start":{"line":111,"column":0},"end":{"line":111,"column":80}},"111":{"start":{"line":112,"column":0},"end":{"line":112,"column":40}},"112":{"start":{"line":113,"column":0},"end":{"line":113,"column":56}},"113":{"start":{"line":114,"column":0},"end":{"line":114,"column":26}},"115":{"start":{"line":116,"column":0},"end":{"line":116,"column":25}},"116":{"start":{"line":117,"column":0},"end":{"line":117,"column":80}},"117":{"start":{"line":118,"column":0},"end":{"line":118,"column":73}},"118":{"start":{"line":119,"column":0},"end":{"line":119,"column":26}},"120":{"start":{"line":121,"column":0},"end":{"line":121,"column":45}},"121":{"start":{"line":122,"column":0},"end":{"line":122,"column":29}},"122":{"start":{"line":123,"column":0},"end":{"line":123,"column":88}},"123":{"start":{"line":124,"column":0},"end":{"line":124,"column":51}},"124":{"start":{"line":125,"column":0},"end":{"line":125,"column":113}},"125":{"start":{"line":126,"column":0},"end":{"line":126,"column":48}},"126":{"start":{"line":127,"column":0},"end":{"line":127,"column":54}},"127":{"start":{"line":128,"column":0},"end":{"line":128,"column":68}},"128":{"start":{"line":129,"column":0},"end":{"line":129,"column":86}},"129":{"start":{"line":130,"column":0},"end":{"line":130,"column":97}},"130":{"start":{"line":131,"column":0},"end":{"line":131,"column":90}},"131":{"start":{"line":132,"column":0},"end":{"line":132,"column":39}},"132":{"start":{"line":133,"column":0},"end":{"line":133,"column":34}},"133":{"start":{"line":134,"column":0},"end":{"line":134,"column":30}},"136":{"start":{"line":137,"column":0},"end":{"line":137,"column":48}},"137":{"start":{"line":138,"column":0},"end":{"line":138,"column":36}},"138":{"start":{"line":139,"column":0},"end":{"line":139,"column":30}},"139":{"start":{"line":140,"column":0},"end":{"line":140,"column":87}},"140":{"start":{"line":141,"column":0},"end":{"line":141,"column":47}},"141":{"start":{"line":142,"column":0},"end":{"line":142,"column":57}},"142":{"start":{"line":143,"column":0},"end":{"line":143,"column":141}},"143":{"start":{"line":144,"column":0},"end":{"line":144,"column":69}},"144":{"start":{"line":145,"column":0},"end":{"line":145,"column":32}},"146":{"start":{"line":147,"column":0},"end":{"line":147,"column":35}},"147":{"start":{"line":148,"column":0},"end":{"line":148,"column":40}},"148":{"start":{"line":149,"column":0},"end":{"line":149,"column":138}},"149":{"start":{"line":150,"column":0},"end":{"line":150,"column":57}},"150":{"start":{"line":151,"column":0},"end":{"line":151,"column":37}},"152":{"start":{"line":153,"column":0},"end":{"line":153,"column":26}},"153":{"start":{"line":154,"column":0},"end":{"line":154,"column":22}},"154":{"start":{"line":155,"column":0},"end":{"line":155,"column":18}},"155":{"start":{"line":156,"column":0},"end":{"line":156,"column":33}},"156":{"start":{"line":157,"column":0},"end":{"line":157,"column":34}},"157":{"start":{"line":158,"column":0},"end":{"line":158,"column":69}},"158":{"start":{"line":159,"column":0},"end":{"line":159,"column":42}},"159":{"start":{"line":160,"column":0},"end":{"line":160,"column":92}},"160":{"start":{"line":161,"column":0},"end":{"line":161,"column":49}},"162":{"start":{"line":163,"column":0},"end":{"line":163,"column":55}},"163":{"start":{"line":164,"column":0},"end":{"line":164,"column":75}},"164":{"start":{"line":165,"column":0},"end":{"line":165,"column":54}},"165":{"start":{"line":166,"column":0},"end":{"line":166,"column":30}},"166":{"start":{"line":167,"column":0},"end":{"line":167,"column":27}},"167":{"start":{"line":168,"column":0},"end":{"line":168,"column":26}},"168":{"start":{"line":169,"column":0},"end":{"line":169,"column":22}},"169":{"start":{"line":170,"column":0},"end":{"line":170,"column":18}},"171":{"start":{"line":172,"column":0},"end":{"line":172,"column":14}},"172":{"start":{"line":173,"column":0},"end":{"line":173,"column":10}},"174":{"start":{"line":175,"column":0},"end":{"line":175,"column":8}},"183":{"start":{"line":184,"column":0},"end":{"line":184,"column":27}}},"s":{"0":1,"1":1,"2":1,"4":1,"5":1,"6":1,"7":1,"8":1,"9":1,"10":1,"11":1,"12":1,"14":1,"15":10,"19":10,"20":10,"21":10,"22":10,"24":10,"25":5,"26":5,"27":5,"28":5,"29":0,"30":0,"31":5,"32":5,"33":5,"34":0,"35":0,"36":0,"37":5,"38":5,"39":0,"40":0,"41":5,"43":10,"44":5,"45":5,"46":5,"47":5,"48":0,"49":0,"50":5,"51":5,"52":5,"53":2,"54":2,"55":2,"56":3,"57":3,"58":0,"59":0,"60":0,"61":5,"65":10,"66":10,"68":10,"69":10,"71":10,"77":5,"78":5,"79":5,"80":5,"81":5,"82":5,"83":5,"84":5,"86":5,"87":5,"88":5,"89":10,"90":10,"91":10,"92":10,"93":10,"96":10,"97":10,"98":10,"99":10,"100":10,"101":10,"102":10,"103":10,"104":10,"105":10,"106":10,"107":10,"108":10,"109":10,"110":10,"111":10,"112":10,"113":10,"115":10,"116":10,"117":10,"118":10,"120":10,"121":5,"122":5,"123":5,"124":5,"125":5,"126":5,"127":4,"128":4,"129":4,"130":4,"131":5,"132":5,"133":5,"136":10,"137":10,"138":2,"139":2,"140":2,"141":2,"142":2,"143":2,"144":2,"146":3,"147":3,"148":3,"149":3,"150":3,"152":10,"153":10,"154":10,"155":10,"156":3,"157":3,"158":3,"159":3,"160":3,"162":3,"163":3,"164":3,"165":3,"166":3,"167":3,"168":3,"169":3,"171":10,"172":10,"174":10,"183":1},"branchMap":{"0":{"type":"branch","line":15,"loc":{"start":{"line":15,"column":20},"end":{"line":175,"column":8}},"locations":[{"start":{"line":15,"column":20},"end":{"line":175,"column":8}}]},"1":{"type":"branch","line":23,"loc":{"start":{"line":23,"column":18},"end":{"line":23,"column":47}},"locations":[{"start":{"line":23,"column":18},"end":{"line":23,"column":47}}]},"2":{"type":"branch","line":72,"loc":{"start":{"line":72,"column":14},"end":{"line":90,"column":49}},"locations":[{"start":{"line":72,"column":14},"end":{"line":90,"column":49}}]},"3":{"type":"branch","line":90,"loc":{"start":{"line":90,"column":35},"end":{"line":90,"column":105}},"locations":[{"start":{"line":90,"column":35},"end":{"line":90,"column":105}}]},"4":{"type":"branch","line":90,"loc":{"start":{"line":90,"column":100},"end":{"line":90,"column":121}},"locations":[{"start":{"line":90,"column":100},"end":{"line":90,"column":121}}]},"5":{"type":"branch","line":105,"loc":{"start":{"line":105,"column":37},"end":{"line":105,"column":53}},"locations":[{"start":{"line":105,"column":37},"end":{"line":105,"column":53}}]},"6":{"type":"branch","line":105,"loc":{"start":{"line":105,"column":45},"end":{"line":105,"column":58}},"locations":[{"start":{"line":105,"column":45},"end":{"line":105,"column":58}}]},"7":{"type":"branch","line":111,"loc":{"start":{"line":111,"column":37},"end":{"line":111,"column":49}},"locations":[{"start":{"line":111,"column":37},"end":{"line":111,"column":49}}]},"8":{"type":"branch","line":121,"loc":{"start":{"line":121,"column":27},"end":{"line":121,"column":45}},"locations":[{"start":{"line":121,"column":27},"end":{"line":121,"column":45}}]},"9":{"type":"branch","line":121,"loc":{"start":{"line":121,"column":36},"end":{"line":134,"column":30}},"locations":[{"start":{"line":121,"column":36},"end":{"line":134,"column":30}}]},"10":{"type":"branch","line":138,"loc":{"start":{"line":138,"column":25},"end":{"line":145,"column":32}},"locations":[{"start":{"line":138,"column":25},"end":{"line":145,"column":32}}]},"11":{"type":"branch","line":145,"loc":{"start":{"line":145,"column":28},"end":{"line":151,"column":37}},"locations":[{"start":{"line":145,"column":28},"end":{"line":151,"column":37}}]},"12":{"type":"branch","line":156,"loc":{"start":{"line":156,"column":27},"end":{"line":170,"column":18}},"locations":[{"start":{"line":156,"column":27},"end":{"line":170,"column":18}}]},"13":{"type":"branch","line":23,"loc":{"start":{"line":23,"column":47},"end":{"line":23,"column":104}},"locations":[{"start":{"line":23,"column":47},"end":{"line":23,"column":104}}]},"14":{"type":"branch","line":25,"loc":{"start":{"line":25,"column":23},"end":{"line":42,"column":3}},"locations":[{"start":{"line":25,"column":23},"end":{"line":42,"column":3}}]},"15":{"type":"branch","line":29,"loc":{"start":{"line":29,"column":26},"end":{"line":31,"column":9}},"locations":[{"start":{"line":29,"column":26},"end":{"line":31,"column":9}}]},"16":{"type":"branch","line":34,"loc":{"start":{"line":34,"column":39},"end":{"line":37,"column":9}},"locations":[{"start":{"line":34,"column":39},"end":{"line":37,"column":9}}]},"17":{"type":"branch","line":39,"loc":{"start":{"line":39,"column":4},"end":{"line":41,"column":5}},"locations":[{"start":{"line":39,"column":4},"end":{"line":41,"column":5}}]},"18":{"type":"branch","line":44,"loc":{"start":{"line":44,"column":20},"end":{"line":62,"column":3}},"locations":[{"start":{"line":44,"column":20},"end":{"line":62,"column":3}}]},"19":{"type":"branch","line":48,"loc":{"start":{"line":48,"column":26},"end":{"line":50,"column":9}},"locations":[{"start":{"line":48,"column":26},"end":{"line":50,"column":9}}]},"20":{"type":"branch","line":53,"loc":{"start":{"line":53,"column":60},"end":{"line":56,"column":9}},"locations":[{"start":{"line":53,"column":60},"end":{"line":56,"column":9}}]},"21":{"type":"branch","line":56,"loc":{"start":{"line":56,"column":8},"end":{"line":61,"column":5}},"locations":[{"start":{"line":56,"column":8},"end":{"line":61,"column":5}}]},"22":{"type":"branch","line":58,"loc":{"start":{"line":58,"column":4},"end":{"line":61,"column":5}},"locations":[{"start":{"line":58,"column":4},"end":{"line":61,"column":5}}]},"23":{"type":"branch","line":66,"loc":{"start":{"line":66,"column":12},"end":{"line":67,"column":23}},"locations":[{"start":{"line":66,"column":12},"end":{"line":67,"column":23}}]},"24":{"type":"branch","line":69,"loc":{"start":{"line":69,"column":14},"end":{"line":70,"column":20}},"locations":[{"start":{"line":69,"column":14},"end":{"line":70,"column":20}}]},"25":{"type":"branch","line":111,"loc":{"start":{"line":111,"column":49},"end":{"line":111,"column":60}},"locations":[{"start":{"line":111,"column":49},"end":{"line":111,"column":60}}]},"26":{"type":"branch","line":125,"loc":{"start":{"line":125,"column":44},"end":{"line":125,"column":112}},"locations":[{"start":{"line":125,"column":44},"end":{"line":125,"column":112}}]},"27":{"type":"branch","line":125,"loc":{"start":{"line":125,"column":78},"end":{"line":125,"column":105}},"locations":[{"start":{"line":125,"column":78},"end":{"line":125,"column":105}}]},"28":{"type":"branch","line":127,"loc":{"start":{"line":127,"column":41},"end":{"line":131,"column":90}},"locations":[{"start":{"line":127,"column":41},"end":{"line":131,"column":90}}]},"29":{"type":"branch","line":163,"loc":{"start":{"line":163,"column":43},"end":{"line":166,"column":30}},"locations":[{"start":{"line":163,"column":43},"end":{"line":166,"column":30}}]}},"b":{"0":[10],"1":[5],"2":[5],"3":[2],"4":[3],"5":[1],"6":[4],"7":[5],"8":[5],"9":[5],"10":[2],"11":[3],"12":[3],"13":[2],"14":[5],"15":[0],"16":[0],"17":[0],"18":[5],"19":[0],"20":[2],"21":[3],"22":[0],"23":[5],"24":[5],"25":[4],"26":[5],"27":[5],"28":[4],"29":[3]},"fnMap":{"0":{"name":"MovieDetail","decl":{"start":{"line":15,"column":20},"end":{"line":175,"column":8}},"loc":{"start":{"line":15,"column":20},"end":{"line":175,"column":8}},"line":15},"1":{"name":"fetchDetails","decl":{"start":{"line":25,"column":23},"end":{"line":42,"column":3}},"loc":{"start":{"line":25,"column":23},"end":{"line":42,"column":3}},"line":25},"2":{"name":"fetchCast","decl":{"start":{"line":44,"column":20},"end":{"line":62,"column":3}},"loc":{"start":{"line":44,"column":20},"end":{"line":62,"column":3}},"line":44},"3":{"name":"onClick","decl":{"start":{"line":82,"column":25},"end":{"line":82,"column":45}},"loc":{"start":{"line":82,"column":25},"end":{"line":82,"column":45}},"line":82}},"f":{"0":10,"1":5,"2":5,"3":0}}
,"C:\\SoftwareEngineer\\Programming\\JavaScript\\react-course\\movie_project\\src\\components\\Search.jsx": {"path":"C:\\SoftwareEngineer\\Programming\\JavaScript\\react-course\\movie_project\\src\\components\\Search.jsx","all":false,"statementMap":{"0":{"start":{"line":1,"column":0},"end":{"line":1,"column":25}},"2":{"start":{"line":3,"column":0},"end":{"line":3,"column":51}},"3":{"start":{"line":4,"column":0},"end":{"line":4,"column":10}},"4":{"start":{"line":5,"column":0},"end":{"line":5,"column":28}},"5":{"start":{"line":6,"column":0},"end":{"line":6,"column":13}},"6":{"start":{"line":7,"column":0},"end":{"line":7,"column":51}},"8":{"start":{"line":9,"column":0},"end":{"line":9,"column":18}},"9":{"start":{"line":10,"column":0},"end":{"line":10,"column":27}},"10":{"start":{"line":11,"column":0},"end":{"line":11,"column":70}},"11":{"start":{"line":12,"column":0},"end":{"line":12,"column":34}},"12":{"start":{"line":13,"column":0},"end":{"line":13,"column":63}},"13":{"start":{"line":14,"column":0},"end":{"line":14,"column":14}},"14":{"start":{"line":15,"column":0},"end":{"line":15,"column":14}},"15":{"start":{"line":16,"column":0},"end":{"line":16,"column":10}},"17":{"start":{"line":18,"column":0},"end":{"line":18,"column":1}},"19":{"start":{"line":20,"column":0},"end":{"line":20,"column":21}}},"s":{"0":1,"2":1,"3":34,"4":34,"5":34,"6":34,"8":34,"9":34,"10":34,"11":34,"12":34,"13":34,"14":34,"15":34,"17":34,"19":1},"branchMap":{"0":{"type":"branch","line":3,"loc":{"start":{"line":3,"column":15},"end":{"line":18,"column":1}},"locations":[{"start":{"line":3,"column":15},"end":{"line":18,"column":1}}]},"1":{"type":"branch","line":13,"loc":{"start":{"line":13,"column":26},"end":{"line":13,"column":63}},"locations":[{"start":{"line":13,"column":26},"end":{"line":13,"column":63}}]}},"b":{"0":[34],"1":[7]},"fnMap":{"0":{"name":"Search","decl":{"start":{"line":3,"column":15},"end":{"line":18,"column":1}},"loc":{"start":{"line":3,"column":15},"end":{"line":18,"column":1}},"line":3},"1":{"name":"onChange","decl":{"start":{"line":13,"column":26},"end":{"line":13,"column":63}},"loc":{"start":{"line":13,"column":26},"end":{"line":13,"column":63}},"line":13}},"f":{"0":34,"1":7}}
,"C:\\SoftwareEngineer\\Programming\\JavaScript\\react-course\\movie_project\\src\\components\\Spinner.jsx": {"path":"C:\\SoftwareEngineer\\Programming\\JavaScript\\react-course\\movie_project\\src\\components\\Spinner.jsx","all":false,"statementMap":{"0":{"start":{"line":1,"column":0},"end":{"line":1,"column":25}},"2":{"start":{"line":3,"column":0},"end":{"line":3,"column":23}},"3":{"start":{"line":4,"column":0},"end":{"line":4,"column":10}},"5":{"start":{"line":6,"column":0},"end":{"line":6,"column":23}},"6":{"start":{"line":7,"column":0},"end":{"line":7,"column":183}},"7":{"start":{"line":8,"column":0},"end":{"line":8,"column":408}},"8":{"start":{"line":9,"column":0},"end":{"line":9,"column":632}},"9":{"start":{"line":10,"column":0},"end":{"line":10,"column":14}},"10":{"start":{"line":11,"column":0},"end":{"line":11,"column":51}},"11":{"start":{"line":12,"column":0},"end":{"line":12,"column":10}},"14":{"start":{"line":15,"column":0},"end":{"line":15,"column":5}},"16":{"start":{"line":17,"column":0},"end":{"line":17,"column":22}}},"s":{"0":1,"2":1,"3":12,"5":12,"6":12,"7":12,"8":12,"9":12,"10":12,"11":12,"14":12,"16":1},"branchMap":{"0":{"type":"branch","line":3,"loc":{"start":{"line":3,"column":16},"end":{"line":15,"column":5}},"locations":[{"start":{"line":3,"column":16},"end":{"line":15,"column":5}}]}},"b":{"0":[12]},"fnMap":{"0":{"name":"Spinner","decl":{"start":{"line":3,"column":16},"end":{"line":15,"column":5}},"loc":{"start":{"line":3,"column":16},"end":{"line":15,"column":5}},"line":3}},"f":{"0":12}}
}
